Added Component: Designator=C1(EEEFK1J470P)
Add component. Clean all parameters for all variants
Add component (AddParameter): Name = "AE Capacitor Case"; Value = "Radial Can - SMD"; VariantName = "[No Variations]"
Add component (AddParameter): Name = "Capacitance"; Value = "47µF"; VariantName = "[No Variations]"
Add component (AddParameter): Name = "Capacitance Tolerance"; Value = "± 20%"; VariantName = "[No Variations]"
Add component (AddParameter): Name = "Capacitance Tolerance ±"; Value = "± 20%"; VariantName = "[No Variations]"
Add component (AddParameter): Name = "Capacitor Case Style"; Value = "Radial Can - SMD"; VariantName = "[No Variations]"
Add component (AddParameter): Name = "Capacitor Terminals"; Value = "SMD"; VariantName = "[No Variations]"
Add component (AddParameter): Name = "ComponentLink1Description"; Value = "https://datasheet.ciiva.com/11778/0900766b80e4e8b0-11778793.pdf"; VariantName = "[No Variations]"
Add component (AddParameter): Name = "ComponentLink1URL"; Value = "https://datasheet.ciiva.com/11778/0900766b80e4e8b0-11778793.pdf"; VariantName = "[No Variations]"
Add component (AddParameter): Name = "ComponentLink2Description"; Value = "https://datasheet.ciiva.com/29313/443502-da-01-en-smd-elko-vfk-f-47-uf-63v-29313697.pdf"; VariantName = "[No Variations]"
Add component (AddParameter): Name = "ComponentLink2URL"; Value = "https://datasheet.ciiva.com/29313/443502-da-01-en-smd-elko-vfk-f-47-uf-63v-29313697.pdf"; VariantName = "[No Variations]"
Add component (AddParameter): Name = "ComponentLink3Description"; Value = "https://datasheet.ciiva.com/11673/aba0000ce120-11673877.pdf"; VariantName = "[No Variations]"
Add component (AddParameter): Name = "ComponentLink3URL"; Value = "https://datasheet.ciiva.com/11673/aba0000ce120-11673877.pdf"; VariantName = "[No Variations]"
Add component (AddParameter): Name = "ComponentLink4Description"; Value = "https://datasheet.ciiva.com/24071/aba0000ce120-24071976.pdf"; VariantName = "[No Variations]"
Add component (AddParameter): Name = "ComponentLink4URL"; Value = "https://datasheet.ciiva.com/24071/aba0000ce120-24071976.pdf"; VariantName = "[No Variations]"
Add component (AddParameter): Name = "ComponentLink5Description"; Value = "https://datasheet.ciiva.com/30065/aba0000ce120-30065320.pdf"; VariantName = "[No Variations]"
Add component (AddParameter): Name = "ComponentLink5URL"; Value = "https://datasheet.ciiva.com/30065/aba0000ce120-30065320.pdf"; VariantName = "[No Variations]"
Add component (AddParameter): Name = "ComponentLink6Description"; Value = "https://datasheet.ciiva.com/2985/aba0000ce120-2985450.pdf"; VariantName = "[No Variations]"
Add component (AddParameter): Name = "ComponentLink6URL"; Value = "https://datasheet.ciiva.com/2985/aba0000ce120-2985450.pdf"; VariantName = "[No Variations]"
Add component (AddParameter): Name = "ComponentLink7Description"; Value = "https://datasheet.ciiva.com/5949/1676921-5949754.pdf"; VariantName = "[No Variations]"
Add component (AddParameter): Name = "ComponentLink7URL"; Value = "https://datasheet.ciiva.com/5949/1676921-5949754.pdf"; VariantName = "[No Variations]"
Add component (AddParameter): Name = "ComponentLink8Description"; Value = "https://datasheet.ciiva.com/46376/1676921-46376459.pdf"; VariantName = "[No Variations]"
Add component (AddParameter): Name = "ComponentLink8URL"; Value = "https://datasheet.ciiva.com/46376/1676921-46376459.pdf"; VariantName = "[No Variations]"
Add component (AddParameter): Name = "ComponentLink9Description"; Value = "https://datasheet.ciiva.com/14609/70258115-14609918.pdf"; VariantName = "[No Variations]"
Add component (AddParameter): Name = "ComponentLink9URL"; Value = "https://datasheet.ciiva.com/14609/70258115-14609918.pdf"; VariantName = "[No Variations]"
Add component (AddParameter): Name = "ComponentLink10Description"; Value = "https://datasheet.ciiva.com/46388/1676921-46388414.pdf"; VariantName = "[No Variations]"
Add component (AddParameter): Name = "ComponentLink10URL"; Value = "https://datasheet.ciiva.com/46388/1676921-46388414.pdf"; VariantName = "[No Variations]"
Add component (AddParameter): Name = "Diameter"; Value = "8mm"; VariantName = "[No Variations]"
Add component (AddParameter): Name = "External Length / Height"; Value = "10.2mm"; VariantName = "[No Variations]"
Add component (AddParameter): Name = "Height"; Value = "10.2mm"; VariantName = "[No Variations]"
Add component (AddParameter): Name = "Impedance"; Value = "0.65ohm"; VariantName = "[No Variations]"
Add component (AddParameter): Name = "Life Time @ Temperature"; Value = "2000 hours @ 105°C"; VariantName = "[No Variations]"
Add component (AddParameter): Name = "Lifetime @ Temperature"; Value = "2000 hours @ 105°C"; VariantName = "[No Variations]"
Add component (AddParameter): Name = "Manufacturer"; Value = "Panasonic"; VariantName = "[No Variations]"
Add component (AddParameter): Name = "Manufacturer Part Number"; Value = "EEE-FK1J470P"; VariantName = "[No Variations]"
Add component (AddParameter): Name = "Operating life Time"; Value = "2000h"; VariantName = "[No Variations]"
Add component (AddParameter): Name = "Operating Lifetime"; Value = "2000h"; VariantName = "[No Variations]"
Add component (AddParameter): Name = "Operating Temperature Max"; Value = "105°C"; VariantName = "[No Variations]"
Add component (AddParameter): Name = "Operating Temperature Min"; Value = "-55°C"; VariantName = "[No Variations]"
Add component (AddParameter): Name = "Operating Temperature Range"; Value = "-55°C to +105°C"; VariantName = "[No Variations]"
Add component (AddParameter): Name = "Package / Case"; Value = "F"; VariantName = "[No Variations]"
Add component (AddParameter): Name = "Packaging"; Value = "Cut Tape"; VariantName = "[No Variations]"
Add component (AddParameter): Name = "Power Factor"; Value = "0.08"; VariantName = "[No Variations]"
Add component (AddParameter): Name = "Power Factor Frequency"; Value = "120Hz"; VariantName = "[No Variations]"
Add component (AddParameter): Name = "Pricing 1"; Value = "1=0.701, 10=0.389, 50=0.28, 100=0.234, 200=0.2 (EUR)"; VariantName = "[No Variations]"
Add component (AddParameter): Name = "Product Range"; Value = "PANASONIC - FK Series"; VariantName = "[No Variations]"
Add component (AddParameter): Name = "Ripple Current AC"; Value = "250mA"; VariantName = "[No Variations]"
Add component (AddParameter): Name = "Ripple Current Frequency"; Value = "100kHz"; VariantName = "[No Variations]"
Add component (AddParameter): Name = "Ripple Current Temperature"; Value = "105°C"; VariantName = "[No Variations]"
Add component (AddParameter): Name = "Series"; Value = "FK"; VariantName = "[No Variations]"
Add component (AddParameter): Name = "Stock 1"; Value = "25710"; VariantName = "[No Variations]"
Add component (AddParameter): Name = "Supplier 1"; Value = "Farnell"; VariantName = "[No Variations]"
Add component (AddParameter): Name = "Supplier Part Number 1"; Value = "9696032"; VariantName = "[No Variations]"
Add component (AddParameter): Name = "SVHC"; Value = "No SVHC (16-Dec-2013)"; VariantName = "[No Variations]"
Add component (AddParameter): Name = "Tolerance +"; Value = "20%"; VariantName = "[No Variations]"
Add component (AddParameter): Name = "Tolerance -"; Value = "20%"; VariantName = "[No Variations]"
Add component (AddParameter): Name = "Voltage Rating"; Value = "63V"; VariantName = "[No Variations]"
Add component (AddParameter): Name = "Voltage Rating V DC"; Value = "63V"; VariantName = "[No Variations]"
Added Pin To Net: NetName=+12V Pin=C1-1
Added Pin To Net: NetName=GND Pin=C1-2
Added Member To Class: ClassName=Motor_driver-PCB Member=Component C1 47uF
